0 info it worked if it ends with ok
1 verbose cli [ '/usr/bin/node', '/usr/bin/npm', 'run', 'deploy' ]
2 info using npm@3.10.10
3 info using node@v6.11.5
4 verbose run-script [ 'predeploy', 'deploy', 'postdeploy' ]
5 info lifecycle tedxuofw@1.0.0~predeploy: tedxuofw@1.0.0
6 silly lifecycle tedxuofw@1.0.0~predeploy: no script for predeploy, continuing
7 info lifecycle tedxuofw@1.0.0~deploy: tedxuofw@1.0.0
8 verbose lifecycle tedxuofw@1.0.0~deploy: unsafe-perm in lifecycle true
9 verbose lifecycle tedxuofw@1.0.0~deploy: PATH: /usr/lib/node_modules/npm/bin/node-gyp-bin:/mnt/c/Users/Soham/Desktop/tedxuofw2018/node_modules/.bin:/home/soham/bin:/home/soham/.local/bin:/usr/local/sbin:/usr/local/bin:/usr/sbin:/usr/bin:/sbin:/bin:/usr/games:/usr/local/games:/mnt/c/Program Files/ConEmu:/mnt/c/Program Files/ConEmu/ConEmu:/mnt/c/Intel/OpenCL/sdk/bin/x64:/mnt/c/Intel/OpenCL/sdk/bin/x86:/mnt/c/Intel/OpenCL/sdk/bin/Pin:/mnt/c/Intel/OpenCL/sdk/bin/GTPin:/mnt/c/Program Files/Java/jre1.8.0_144/bin:/mnt/c/Program Files/Python36/Scripts:/mnt/c/Program Files/Python36:/mnt/c/Program Files (x86)/Intel/iCLS Client:/mnt/c/Program Files/Intel/iCLS Client:/mnt/c/Windows/System32:/mnt/c/Windows:/mnt/c/Windows/System32/wbem:/mnt/c/Windows/System32/WindowsPowerShell/v1.0:/mnt/c/Program Files (x86)/Intel/Intel(R) Management Engine Components/DAL:/mnt/c/Program Files/Intel/Intel(R) Management Engine Components/DAL:/mnt/c/Program Files (x86)/Intel/Intel(R) Management Engine Components/IPT:/mnt/c/Program Files/Intel/Intel(R) Management Engine Components/IPT:/mnt/c/Program Files/CMake/bin:/mnt/c/Program Files (x86)/Brackets/command:/mnt/c/ProgramData/Oracle/Java/javapath_target_85575765:/mnt/c/Users/Soham/bin:/mnt/c/Users/Soham/Go:/mnt/c/Program Files/nodejs:/mnt/c/Program Files/PuTTY:/mnt/c/Program Files/Git/cmd:/mnt/c/Program Files (x86)/WinSCP:/mnt/c/Program Files (x86)/PharosSystems/Core:/mnt/c/Program Files (x86)/GtkSharp/2.12/bin:/mnt/c/Program Files/dotnet:/mnt/c/Users/Soham/AppData/Local/Microsoft/WindowsApps:/mnt/c/Users/Soham/AppData/Roaming/npm:/mnt/c/Program Files/Heroku/bin:/mnt/c/Program Files (x86)/Nmap:/snap/bin:/mnt/c/Users/Soham/bin/:/home/soham/.fzf/bin:/mnt/c/Users/Soham/Go/bin
10 verbose lifecycle tedxuofw@1.0.0~deploy: CWD: /mnt/c/Users/Soham/Desktop/tedxuofw2018
11 silly lifecycle tedxuofw@1.0.0~deploy: Args: [ '-c',
11 silly lifecycle   'git checkout dev && webpack && git add src && git commit -m \'Deploying src from dev\' &&  git push origin `git subtree split --prefix src master`:master' ]
12 silly lifecycle tedxuofw@1.0.0~deploy: Returned: code: 1  signal: null
13 info lifecycle tedxuofw@1.0.0~deploy: Failed to exec deploy script
14 verbose stack Error: tedxuofw@1.0.0 deploy: `git checkout dev && webpack && git add src && git commit -m 'Deploying src from dev' &&  git push origin `git subtree split --prefix src master`:master`
14 verbose stack Exit status 1
14 verbose stack     at EventEmitter.<anonymous> (/usr/lib/node_modules/npm/lib/utils/lifecycle.js:255:16)
14 verbose stack     at emitTwo (events.js:106:13)
14 verbose stack     at EventEmitter.emit (events.js:191:7)
14 verbose stack     at ChildProcess.<anonymous> (/usr/lib/node_modules/npm/lib/utils/spawn.js:40:14)
14 verbose stack     at emitTwo (events.js:106:13)
14 verbose stack     at ChildProcess.emit (events.js:191:7)
14 verbose stack     at maybeClose (internal/child_process.js:920:16)
14 verbose stack     at Process.ChildProcess._handle.onexit (internal/child_process.js:230:5)
15 verbose pkgid tedxuofw@1.0.0
16 verbose cwd /mnt/c/Users/Soham/Desktop/tedxuofw2018
17 error Linux 4.4.0-43-Microsoft
18 error argv "/usr/bin/node" "/usr/bin/npm" "run" "deploy"
19 error node v6.11.5
20 error npm  v3.10.10
21 error code ELIFECYCLE
22 error tedxuofw@1.0.0 deploy: `git checkout dev && webpack && git add src && git commit -m 'Deploying src from dev' &&  git push origin `git subtree split --prefix src master`:master`
22 error Exit status 1
23 error Failed at the tedxuofw@1.0.0 deploy script 'git checkout dev && webpack && git add src && git commit -m 'Deploying src from dev' &&  git push origin `git subtree split --prefix src master`:master'.
23 error Make sure you have the latest version of node.js and npm installed.
23 error If you do, this is most likely a problem with the tedxuofw package,
23 error not with npm itself.
23 error Tell the author that this fails on your system:
23 error     git checkout dev && webpack && git add src && git commit -m 'Deploying src from dev' &&  git push origin `git subtree split --prefix src master`:master
23 error You can get information on how to open an issue for this project with:
23 error     npm bugs tedxuofw
23 error Or if that isn't available, you can get their info via:
23 error     npm owner ls tedxuofw
23 error There is likely additional logging output above.
24 verbose exit [ 1, true ]
